0 info it worked if it ends with ok
1 verbose cli [ '/usr/bin/node',
1 verbose cli   '/usr/bin/npm',
1 verbose cli   'install',
1 verbose cli   '-g',
1 verbose cli   'cordova',
1 verbose cli   'ionic' ]
2 info using npm@1.4.28
3 info using node@v0.10.40
4 verbose node symlink /usr/bin/node
5 verbose cache add [ 'cordova', null ]
6 verbose cache add name=undefined spec="cordova" args=["cordova",null]
7 verbose parsed url { protocol: null,
7 verbose parsed url   slashes: null,
7 verbose parsed url   auth: null,
7 verbose parsed url   host: null,
7 verbose parsed url   port: null,
7 verbose parsed url   hostname: null,
7 verbose parsed url   hash: null,
7 verbose parsed url   search: null,
7 verbose parsed url   query: null,
7 verbose parsed url   pathname: 'cordova',
7 verbose parsed url   path: 'cordova',
7 verbose parsed url   href: 'cordova' }
8 verbose cache add [ 'ionic', null ]
9 verbose cache add name=undefined spec="ionic" args=["ionic",null]
10 verbose parsed url { protocol: null,
10 verbose parsed url   slashes: null,
10 verbose parsed url   auth: null,
10 verbose parsed url   host: null,
10 verbose parsed url   port: null,
10 verbose parsed url   hostname: null,
10 verbose parsed url   hash: null,
10 verbose parsed url   search: null,
10 verbose parsed url   query: null,
10 verbose parsed url   pathname: 'ionic',
10 verbose parsed url   path: 'ionic',
10 verbose parsed url   href: 'ionic' }
11 silly lockFile a98f2055-cordova cordova
12 verbose lock cordova /home/tim/.npm/a98f2055-cordova.lock
13 silly lockFile 00d10074-ionic ionic
14 verbose lock ionic /home/tim/.npm/00d10074-ionic.lock
15 silly lockFile a98f2055-cordova cordova
16 silly lockFile a98f2055-cordova cordova
17 silly lockFile 00d10074-ionic ionic
18 silly lockFile 00d10074-ionic ionic
19 verbose addNamed [ 'cordova', '' ]
20 verbose addNamed [ null, '*' ]
21 silly lockFile de8d9fad-cordova cordova@
22 verbose lock cordova@ /home/tim/.npm/de8d9fad-cordova.lock
23 verbose addNamed [ 'ionic', '' ]
24 verbose addNamed [ null, '*' ]
25 silly lockFile 966fc04a-ionic ionic@
26 verbose lock ionic@ /home/tim/.npm/966fc04a-ionic.lock
27 silly addNameRange { name: 'cordova', range: '*', hasData: false }
28 silly addNameRange { name: 'ionic', range: '*', hasData: false }
29 verbose request where is /cordova
30 verbose request registry https://registry.npmjs.org/
31 verbose request id 0060ce1ac0d06058
32 verbose url raw /cordova
33 verbose url resolving [ 'https://registry.npmjs.org/', './cordova' ]
34 verbose url resolved https://registry.npmjs.org/cordova
35 verbose request where is https://registry.npmjs.org/cordova
36 info trying registry request attempt 1 at 20:38:11
37 verbose etag "23YZPP2M4Z1HVQ0P3FML7QIU4"
38 http GET https://registry.npmjs.org/cordova
39 verbose request where is /ionic
40 verbose request registry https://registry.npmjs.org/
41 verbose url raw /ionic
42 verbose url resolving [ 'https://registry.npmjs.org/', './ionic' ]
43 verbose url resolved https://registry.npmjs.org/ionic
44 verbose request where is https://registry.npmjs.org/ionic
45 info trying registry request attempt 1 at 20:38:11
46 verbose etag "BU6XG2D26KCL3A9MW06VTNRP8"
47 http GET https://registry.npmjs.org/ionic
48 http 200 https://registry.npmjs.org/cordova
49 silly registry.get cb [ 200,
49 silly registry.get   { server: 'CouchDB/1.5.0 (Erlang OTP/R16B03)',
49 silly registry.get     etag: '"D93GZ4IDXXLXI8TKAR9LHILTV"',
49 silly registry.get     'content-type': 'application/json',
49 silly registry.get     'cache-control': 'max-age=60',
49 silly registry.get     'content-length': '363844',
49 silly registry.get     'accept-ranges': 'bytes',
49 silly registry.get     date: 'Thu, 29 Oct 2015 19:38:11 GMT',
49 silly registry.get     via: '1.1 varnish',
49 silly registry.get     age: '42',
49 silly registry.get     connection: 'keep-alive',
49 silly registry.get     'x-served-by': 'cache-ams4136-AMS',
49 silly registry.get     'x-cache': 'HIT',
49 silly registry.get     'x-cache-hits': '1',
49 silly registry.get     'x-timer': 'S1446147491.505800,VS0,VE3',
49 silly registry.get     vary: 'Accept' } ]
50 silly addNameRange number 2 { name: 'cordova', range: '*', hasData: true }
51 silly addNameRange versions [ 'cordova',
51 silly addNameRange   [ '0.0.1',
51 silly addNameRange     '0.0.2',
51 silly addNameRange     '0.0.3',
51 silly addNameRange     '0.0.4',
51 silly addNameRange     '0.0.5',
51 silly addNameRange     '0.0.6',
51 silly addNameRange     '0.0.7',
51 silly addNameRange     '0.0.8',
51 silly addNameRange     '0.0.9',
51 silly addNameRange     '0.1.0',
51 silly addNameRange     '0.1.1',
51 silly addNameRange     '0.1.2',
51 silly addNameRange     '0.1.3',
51 silly addNameRange     '0.1.4',
51 silly addNameRange     '0.1.5',
51 silly addNameRange     '0.1.6',
51 silly addNameRange     '0.1.7',
51 silly addNameRange     '0.1.8',
51 silly addNameRange     '0.1.9',
51 silly addNameRange     '0.1.10',
51 silly addNameRange     '0.1.11',
51 silly addNameRange     '0.1.12',
51 silly addNameRange     '0.1.13',
51 silly addNameRange     '0.1.14',
51 silly addNameRange     '2.2.0',
51 silly addNameRange     '2.3.0',
51 silly addNameRange     '2.3.1',
51 silly addNameRange     '2.3.2',
51 silly addNameRange     '2.3.3',
51 silly addNameRange     '2.3.5',
51 silly addNameRange     '2.3.6',
51 silly addNameRange     '2.4.0',
51 silly addNameRange     '2.4.1',
51 silly addNameRange     '2.4.2',
51 silly addNameRange     '2.4.3',
51 silly addNameRange     '2.4.4',
51 silly addNameRange     '2.4.5',
51 silly addNameRange     '2.4.6',
51 silly addNameRange     '2.4.7',
51 silly addNameRange     '2.4.8',
51 silly addNameRange     '2.4.9',
51 silly addNameRange     '2.4.10',
51 silly addNameRange     '2.5.0',
51 silly addNameRange     '2.5.2',
51 silly addNameRange     '2.5.3',
51 silly addNameRange     '2.5.4',
51 silly addNameRange     '2.5.5',
51 silly addNameRange     '2.6.0',
51 silly addNameRange     '2.6.1',
51 silly addNameRange     '2.6.2',
51 silly addNameRange     '2.7.0-rc.1',
51 silly addNameRange     '2.7.1-rc.1',
51 silly addNameRange     '2.7.2',
51 silly addNameRange     '2.7.3',
51 silly addNameRange     '2.7.4',
51 silly addNameRange     '2.8.0',
51 silly addNameRange     '2.8.1',
51 silly addNameRange     '2.8.2',
51 silly addNameRange     '2.8.3',
51 silly addNameRange     '2.8.4',
51 silly addNameRange     '2.8.5',
51 silly addNameRange     '2.8.6',
51 silly addNameRange     '2.8.7',
51 silly addNameRange     '2.8.8',
51 silly addNameRange     '2.8.9',
51 silly addNameRange     '2.8.10',
51 silly addNameRange     '2.8.11',
51 silly addNameRange     '2.8.12',
51 silly addNameRange     '2.8.13',
51 silly addNameRange     '2.8.14',
51 silly addNameRange     '2.8.15',
51 silly addNameRange     '2.8.16',
51 silly addNameRange     '2.8.17',
51 silly addNameRange     '2.8.18',
51 silly addNameRange     '2.8.19',
51 silly addNameRange     '2.8.20',
51 silly addNameRange     '2.8.21',
51 silly addNameRange     '2.8.22',
51 silly addNameRange     '2.8.23',
51 silly addNameRange     '2.8.24',
51 silly addNameRange     '2.8.25',
51 silly addNameRange     '2.9.0',
51 silly addNameRange     '2.9.1',
51 silly addNameRange     '2.9.2',
51 silly addNameRange     '2.9.3',
51 silly addNameRange     '2.9.4',
51 silly addNameRange     '2.9.5',
51 silly addNameRange     '2.9.6',
51 silly addNameRange     '2.9.7',
51 silly addNameRange     '3.0.0-rc1',
51 silly addNameRange     '3.0.0-rc1-1',
51 silly addNameRange     '3.0.0-rc1-3',
51 silly addNameRange     '3.0.0',
51 silly addNameRange     '3.0.1',
51 silly addNameRange     '3.0.2',
51 silly addNameRange     '3.0.3',
51 silly addNameRange     '3.0.4',
51 silly addNameRange     '3.0.5',
51 silly addNameRange     '3.0.6',
51 silly addNameRange     '3.0.7',
51 silly addNameRange     '3.0.8',
51 silly addNameRange     '3.0.9',
51 silly addNameRange     '3.0.10',
51 silly addNameRange     '3.1.0-0.1.0',
51 silly addNameRange     '3.1.0-0.2.0',
51 silly addNameRange     '3.2.0-rc.1',
51 silly addNameRange     '3.2.0-0.1.0',
51 silly addNameRange     '3.2.0-0.2.0',
51 silly addNameRange     '3.2.0-0.3.0',
51 silly addNameRange     '3.2.0-0.4.0',
51 silly addNameRange     '3.3.0-rc.1',
51 silly addNameRange     '3.3.0-0.1.1',
51 silly addNameRange     '3.3.1-0.1.2',
51 silly addNameRange     '2.9.0-rc1',
51 silly addNameRange     '3.3.1-0.3.0',
51 silly addNameRange     '3.3.1-0.3.1',
51 silly addNameRange     '3.3.1-0.4.1',
51 silly addNameRange     '3.3.1-0.4.2',
51 silly addNameRange     '3.4.0-0.1.0',
51 silly addNameRange     '3.4.0-0.1.1',
51 silly addNameRange     '3.4.0-0.1.2',
51 silly addNameRange     '3.4.0-0.1.3',
51 silly addNameRange     '0.0.0-fake',
51 silly addNameRange     '3.4.1-0.1.0',
51 silly addNameRange     '3.5.0-0.2.0',
51 silly addNameRange     '3.5.0-0.2.1',
51 silly addNameRange     '3.5.0-0.2.2',
51 silly addNameRange     '3.5.0-0.2.3',
51 silly addNameRange     '3.5.0-0.2.4',
51 silly addNameRange     '3.5.0-0.2.6',
51 silly addNameRange     '3.5.0-0.2.7',
51 silly addNameRange     '3.6.0-0.2.8',
51 silly addNameRange     '3.6.0-0.2.9',
51 silly addNameRange     '3.6.1-0.2.10',
51 silly addNameRange     '3.6.3-0.2.11',
51 silly addNameRange     '3.6.3-0.2.12',
51 silly addNameRange     '3.6.3-0.2.13',
51 silly addNameRange     '4.0.0',
51 silly addNameRange     '4.0.1',
51 silly addNameRange     '4.1.0',
51 silly addNameRange     '4.1.1',
51 silly addNameRange     '4.1.2',
51 silly addNameRange     '4.1.3-nightly.2014.10.21',
51 silly addNameRange     '4.2.0',
51 silly addNameRange     '4.3.0',
51 silly addNameRange     '5.0.0',
51 silly addNameRange     '4.3.1',
51 silly addNameRange     '5.1.1',
51 silly addNameRange     '5.2.0',
51 silly addNameRange     '5.3.1',
51 silly addNameRange     '5.3.3' ] ]
52 verbose addNamed [ 'cordova', '5.3.3' ]
53 verbose addNamed [ '5.3.3', '5.3.3' ]
54 silly lockFile 32a3786c-cordova-5-3-3 cordova@5.3.3
55 verbose lock cordova@5.3.3 /home/tim/.npm/32a3786c-cordova-5-3-3.lock
56 silly lockFile 30dc52a9-js-org-cordova-cordova-5-3-3-tgz https://registry.npmjs.org/cordova/-/cordova-5.3.3.tgz
57 verbose lock https://registry.npmjs.org/cordova/-/cordova-5.3.3.tgz /home/tim/.npm/30dc52a9-js-org-cordova-cordova-5-3-3-tgz.lock
58 verbose addRemoteTarball [ 'https://registry.npmjs.org/cordova/-/cordova-5.3.3.tgz',
58 verbose addRemoteTarball   'd8933ea57cf4d390a1c86d0b43def76f61fb4d76' ]
59 info retry fetch attempt 1 at 20:38:11
60 verbose fetch to= /tmp/npm-29484-6gbHQcra/registry.npmjs.org/cordova/-/cordova-5.3.3.tgz
61 http GET https://registry.npmjs.org/cordova/-/cordova-5.3.3.tgz
62 http 200 https://registry.npmjs.org/cordova/-/cordova-5.3.3.tgz
63 silly lockFile 30dc52a9-js-org-cordova-cordova-5-3-3-tgz https://registry.npmjs.org/cordova/-/cordova-5.3.3.tgz
64 silly lockFile 30dc52a9-js-org-cordova-cordova-5-3-3-tgz https://registry.npmjs.org/cordova/-/cordova-5.3.3.tgz
65 silly lockFile 32a3786c-cordova-5-3-3 cordova@5.3.3
66 silly lockFile 32a3786c-cordova-5-3-3 cordova@5.3.3
67 silly lockFile de8d9fad-cordova cordova@
68 silly lockFile de8d9fad-cordova cordova@
69 http 200 https://registry.npmjs.org/ionic
70 silly registry.get cb [ 200,
70 silly registry.get   { server: 'CouchDB/1.5.0 (Erlang OTP/R16B03)',
70 silly registry.get     etag: '"84P0OIESA12WN76JDCE1SQJT"',
70 silly registry.get     'content-type': 'application/json',
70 silly registry.get     'cache-control': 'max-age=60',
70 silly registry.get     'content-length': '551164',
70 silly registry.get     'accept-ranges': 'bytes',
70 silly registry.get     date: 'Thu, 29 Oct 2015 19:38:12 GMT',
70 silly registry.get     via: '1.1 varnish',
70 silly registry.get     age: '0',
70 silly registry.get     connection: 'keep-alive',
70 silly registry.get     'x-served-by': 'cache-fra1247-FRA',
70 silly registry.get     'x-cache': 'HIT',
70 silly registry.get     'x-cache-hits': '1',
70 silly registry.get     'x-timer': 'S1446147491.525636,VS0,VE694',
70 silly registry.get     vary: 'Accept' } ]
71 silly addNameRange number 2 { name: 'ionic', range: '*', hasData: true }
72 silly addNameRange versions [ 'ionic',
72 silly addNameRange   [ '0.9.6',
72 silly addNameRange     '0.9.8',
72 silly addNameRange     '0.9.9',
72 silly addNameRange     '0.9.10',
72 silly addNameRange     '0.9.11',
72 silly addNameRange     '0.9.12',
72 silly addNameRange     '0.9.13',
72 silly addNameRange     '0.9.14',
72 silly addNameRange     '0.9.15',
72 silly addNameRange     '0.9.16',
72 silly addNameRange     '1.0.0-beta.1',
72 silly addNameRange     '1.0.0-beta',
72 silly addNameRange     '1.0.1-beta',
72 silly addNameRange     '1.0.3-beta',
72 silly addNameRange     '1.0.4',
72 silly addNameRange     '1.0.5',
72 silly addNameRange     '1.0.6',
72 silly addNameRange     '1.0.7',
72 silly addNameRange     '1.0.8',
72 silly addNameRange     '1.0.9',
72 silly addNameRange     '1.0.10',
72 silly addNameRange     '1.0.11',
72 silly addNameRange     '1.0.12',
72 silly addNameRange     '1.0.13',
72 silly addNameRange     '1.0.14',
72 silly addNameRange     '1.0.15',
72 silly addNameRange     '1.0.16',
72 silly addNameRange     '1.0.17',
72 silly addNameRange     '1.1.0-beta1',
72 silly addNameRange     '1.1.0-beta2',
72 silly addNameRange     '1.1.0-beta3',
72 silly addNameRange     '1.1.0-beta4',
72 silly addNameRange     '1.1.0-beta5',
72 silly addNameRange     '1.1.0-beta6',
72 silly addNameRange     '1.1.0',
72 silly addNameRange     '1.1.1-beta1',
72 silly addNameRange     '1.1.1-beta2',
72 silly addNameRange     '1.1.1-beta3',
72 silly addNameRange     '1.1.1',
72 silly addNameRange     '1.1.3',
72 silly addNameRange     '1.1.4',
72 silly addNameRange     '1.1.5-beta1',
72 silly addNameRange     '1.1.5-beta2',
72 silly addNameRange     '1.1.5-beta3',
72 silly addNameRange     '1.1.5-beta4',
72 silly addNameRange     '1.1.5-beta5',
72 silly addNameRange     '1.1.5',
72 silly addNameRange     '1.1.6',
72 silly addNameRange     '1.1.7-beta1',
72 silly addNameRange     '1.1.7',
72 silly addNameRange     '1.1.8-beta1',
72 silly addNameRange     '1.1.8-beta2',
72 silly addNameRange     '1.1.8-beta3',
72 silly addNameRange     '1.1.8-beta4',
72 silly addNameRange     '1.1.8-beta5',
72 silly addNameRange     '1.1.8',
72 silly addNameRange     '1.1.9-beta1',
72 silly addNameRange     '1.1.9',
72 silly addNameRange     '1.1.10',
72 silly addNameRange     '1.1.11-beta1',
72 silly addNameRange     '1.1.11-beta2',
72 silly addNameRange     '1.1.11',
72 silly addNameRange     '1.1.12-beta1',
72 silly addNameRange     '1.1.12-beta2',
72 silly addNameRange     '1.1.12-beta3',
72 silly addNameRange     '1.1.12',
72 silly addNameRange     '1.1.13',
72 silly addNameRange     '1.1.14-beta1',
72 silly addNameRange     '1.1.14-beta2',
72 silly addNameRange     '1.1.14-beta3',
72 silly addNameRange     '1.2.0-beta1',
72 silly addNameRange     '1.2.0',
72 silly addNameRange     '1.2.1-beta1',
72 silly addNameRange     '1.2.1-beta2',
72 silly addNameRange     '1.2.1-beta3',
72 silly addNameRange     '1.2.1-beta4',
72 silly addNameRange     '1.2.1',
72 silly addNameRange     '1.2.2',
72 silly addNameRange     '1.2.3-beta1',
72 silly addNameRange     '1.2.3-beta2',
72 silly addNameRange     '1.2.3-beta3',
72 silly addNameRange     '1.2.3',
72 silly addNameRange     '1.2.4-beta1',
72 silly addNameRange     '1.2.4-beta2',
72 silly addNameRange     '1.2.4-beta3',
72 silly addNameRange     '1.2.4',
72 silly addNameRange     '1.2.5-beta1',
72 silly addNameRange     '1.2.5-beta2',
72 silly addNameRange     '1.2.5-beta3',
72 silly addNameRange     '1.2.5',
72 silly addNameRange     '1.2.6-beta1',
72 silly addNameRange     '1.2.6-beta2',
72 silly addNameRange     '1.2.6-beta3',
72 silly addNameRange     '1.2.6',
72 silly addNameRange     '1.2.7',
72 silly addNameRange     '1.2.8-beta1',
72 silly addNameRange     '1.2.8-beta2',
72 silly addNameRange     '1.2.8',
72 silly addNameRange     '1.2.9',
72 silly addNameRange     '1.2.10',
72 silly addNameRange     '1.2.11',
72 silly addNameRange     '1.2.12',
72 silly addNameRange     '1.2.13',
72 silly addNameRange     '1.2.14-beta1',
72 silly addNameRange     '1.2.14-beta2',
72 silly addNameRange     '1.2.14-beta3',
72 silly addNameRange     '1.2.14-beta4',
72 silly addNameRange     '1.2.14-beta5',
72 silly addNameRange     '1.2.14-beta6',
72 silly addNameRange     '1.2.14',
72 silly addNameRange     '1.3.0-beta1',
72 silly addNameRange     '1.3.0',
72 silly addNameRange     '1.3.1',
72 silly addNameRange     '1.3.2',
72 silly addNameRange     '1.3.3',
72 silly addNameRange     '1.3.4',
72 silly addNameRange     '1.3.5',
72 silly addNameRange     '1.3.6',
72 silly addNameRange     '1.3.7',
72 silly addNameRange     '1.3.8',
72 silly addNameRange     '1.3.9',
72 silly addNameRange     '1.3.10',
72 silly addNameRange     '1.4.0-alpha.1',
72 silly addNameRange     '1.3.11',
72 silly addNameRange     '1.3.1-1.alpha.0',
72 silly addNameRange     '1.4.0-alpha.2',
72 silly addNameRange     '1.3.12',
72 silly addNameRange     '1.3.12-beta.1',
72 silly addNameRange     '1.3.12-beta.2',
72 silly addNameRange     '1.3.13-beta.0',
72 silly addNameRange     '1.3.1-3.beta.1',
72 silly addNameRange     '1.3.1-3.beta.2',
72 silly addNameRange     '1.3.13',
72 silly addNameRange     '1.3.1-3.beta.4',
72 silly addNameRange     '1.3.14-beta',
72 silly addNameRange     '1.3.14-beta.1',
72 silly addNameRange     '1.4.0-alpha.3',
72 silly addNameRange     '1.3.14',
72 silly addNameRange     '1.4.0-alpha.4',
72 silly addNameRange     '1.4.0-alpha.5',
72 silly addNameRange     '1.3.15-beta.0',
72 silly addNameRange     '1.3.15-beta.1',
72 silly addNameRange     '1.3.15-beta.2',
72 silly addNameRange     '1.3.15-beta.3',
72 silly addNameRange     '1.3.15-beta.4',
72 silly addNameRange     '1.3.15',
72 silly addNameRange     '1.3.16',
72 silly addNameRange     '1.4.0-alpha.6',
72 silly addNameRange     '1.3.17-beta.0',
72 silly addNameRange     '1.3.17-beta.1',
72 silly addNameRange     '1.3.17-beta.2',
72 silly addNameRange     '1.3.17-beta.3',
72 silly addNameRange     '1.3.1-7.beta.4',
72 silly addNameRange     '1.3.17',
72 silly addNameRange     '1.3.18-beta.0',
72 silly addNameRange     '1.3.18-beta.1',
72 silly addNameRange     '1.3.18-beta.2',
72 silly addNameRange     '1.3.18-beta.3',
72 silly addNameRange     '1.3.18',
72 silly addNameRange     '1.3.19-beta.0',
72 silly addNameRange     '1.3.19-beta.1',
72 silly addNameRange     '1.3.19-beta.2',
72 silly addNameRange     '1.3.19-beta.3',
72 silly addNameRange     '1.3.19-beta.4',
72 silly addNameRange     '1.3.19',
72 silly addNameRange     '1.3.20',
72 silly addNameRange     '1.4.1-beta.0',
72 silly addNameRange     '1.4.0-beta.1',
72 silly addNameRange     '1.4.0-beta.2',
72 silly addNameRange     '1.4.0-beta.3',
72 silly addNameRange     '1.4.0-beta.5',
72 silly addNameRange     '1.4.0-beta.6',
72 silly addNameRange     '1.4.0-beta.7',
72 silly addNameRange     '1.3.21-beta.0',
72 silly addNameRange     '1.3.21-beta.1',
72 silly addNameRange     '1.3.21',
72 silly addNameRange     '1.3.22',
72 silly addNameRange     '1.4.0-beta.8',
72 silly addNameRange     '1.4.0-beta.9',
72 silly addNameRange     '1.4.0-beta.10',
72 silly addNameRange     '1.4.0-beta.11',
72 silly addNameRange     '1.4.0-beta.12',
72 silly addNameRange     '1.4.0-beta.13',
72 silly addNameRange     '1.4.0-beta.14',
72 silly addNameRange     '1.4.0-beta.15',
72 silly addNameRange     '1.4.0-beta.16',
72 silly addNameRange     '1.4.0-beta.17',
72 silly addNameRange     '1.4.0-beta.18',
72 silly addNameRange     '1.4.0',
72 silly addNameRange     '1.4.1',
72 silly addNameRange     '1.4.2',
72 silly addNameRange     '1.4.3',
72 silly addNameRange     '1.4.4-beta.0',
72 silly addNameRange     '1.4.4-beta.2',
72 silly addNameRange     '1.4.4',
72 silly addNameRange     '1.4.5-beta.0',
72 silly addNameRange     '1.4.5-beta.1',
72 silly addNameRange     '1.4.5-beta.2',
72 silly addNameRange     '1.4.5-beta.3',
72 silly addNameRange     '1.4.5',
72 silly addNameRange     '1.4.6-beta.0',
72 silly addNameRange     '1.4.6',
72 silly addNameRange     '1.4.7',
72 silly addNameRange     '1.4.8',
72 silly addNameRange     '1.5.0-beta.0',
72 silly addNameRange     '1.5.0-beta.1',
72 silly addNameRange     '1.5.0',
72 silly addNameRange     '1.5.1-beta.0',
72 silly addNameRange     '1.5.1-beta.1',
72 silly addNameRange     '1.5.1-beta.2',
72 silly addNameRange     '1.5.1-beta.3',
72 silly addNameRange     '1.5.1-beta.4',
72 silly addNameRange     '1.5.1',
72 silly addNameRange     '1.5.2',
72 silly addNameRange     '1.5.3',
72 silly addNameRange     '1.5.4',
72 silly addNameRange     '1.5.5',
72 silly addNameRange     '1.6.0-beta.1',
72 silly addNameRange     '1.6.0',
72 silly addNameRange     '1.6.1',
72 silly addNameRange     '1.6.2-beta.0',
72 silly addNameRange     '1.6.2-beta.1',
72 silly addNameRange     '1.6.2-beta.2',
72 silly addNameRange     '1.6.2',
72 silly addNameRange     '1.6.3-beta.0',
72 silly addNameRange     '1.6.3-beta.1',
72 silly addNameRange     '1.6.3',
72 silly addNameRange     '1.6.4-beta.0',
72 silly addNameRange     '1.6.4-beta.1',
72 silly addNameRange     '1.6.4',
72 silly addNameRange     '1.7.0-beta.0',
72 silly addNameRange     '1.7.0-beta.1',
72 silly addNameRange     '1.7.0-beta.2',
72 silly addNameRange     '1.7.0-beta.3',
72 silly addNameRange     '2.0.0-alpha.1',
72 silly addNameRange     '2.0.0-alpha.3',
72 silly addNameRange     '1.7.0-beta.4',
72 silly addNameRange     '1.6.5-testing.0',
72 silly addNameRange     '1.6.5-testing.1',
72 silly addNameRange     '1.6.5-testing.2',
72 silly addNameRange     '1.6.5-testing.3',
72 silly addNameRange     '1.6.5',
72 silly addNameRange     '2.0.0-alpha.4',
72 silly addNameRange     '1.7.0-beta.5',
72 silly addNameRange     '1.7.0-beta.6',
72 silly addNameRange     '1.7.0',
72 silly addNameRange     '2.0.0-alpha.5',
72 silly addNameRange     '2.0.0-alpha.6',
72 silly addNameRange     '1.7.1',
72 silly addNameRange     '2.0.0-alpha.7',
72 silly addNameRange     '2.0.0-alpha.8',
72 silly addNameRange     '1.7.2',
72 silly addNameRange     '1.7.3',
72 silly addNameRange     '1.7.4',
72 silly addNameRange     '1.7.5',
72 silly addNameRange     '1.7.6',
72 silly addNameRange     '1.7.7-beta.0',
72 silly addNameRange     '2.0.0-alpha.9',
72 silly addNameRange     '1.7.7',
72 silly addNameRange     '2.0.0-alpha.10',
72 silly addNameRange     '2.0.0-alpha.11' ] ]
73 verbose addNamed [ 'ionic', '1.7.7' ]
74 verbose addNamed [ '1.7.7', '1.7.7' ]
75 silly lockFile 1ab96f84-ionic-1-7-7 ionic@1.7.7
76 verbose lock ionic@1.7.7 /home/tim/.npm/1ab96f84-ionic-1-7-7.lock
77 silly lockFile 7becdca7--npmjs-org-ionic-ionic-1-7-7-tgz https://registry.npmjs.org/ionic/-/ionic-1.7.7.tgz
78 verbose lock https://registry.npmjs.org/ionic/-/ionic-1.7.7.tgz /home/tim/.npm/7becdca7--npmjs-org-ionic-ionic-1-7-7-tgz.lock
79 verbose addRemoteTarball [ 'https://registry.npmjs.org/ionic/-/ionic-1.7.7.tgz',
79 verbose addRemoteTarball   'dcf2e1b290abab417e77f07a980e798ae83518bc' ]
80 info retry fetch attempt 1 at 20:38:13
81 verbose fetch to= /tmp/npm-29484-6gbHQcra/registry.npmjs.org/ionic/-/ionic-1.7.7.tgz
82 http GET https://registry.npmjs.org/ionic/-/ionic-1.7.7.tgz
83 http 200 https://registry.npmjs.org/ionic/-/ionic-1.7.7.tgz
84 silly lockFile 7becdca7--npmjs-org-ionic-ionic-1-7-7-tgz https://registry.npmjs.org/ionic/-/ionic-1.7.7.tgz
85 silly lockFile 7becdca7--npmjs-org-ionic-ionic-1-7-7-tgz https://registry.npmjs.org/ionic/-/ionic-1.7.7.tgz
86 silly lockFile 1ab96f84-ionic-1-7-7 ionic@1.7.7
87 silly lockFile 1ab96f84-ionic-1-7-7 ionic@1.7.7
88 silly lockFile 966fc04a-ionic ionic@
89 silly lockFile 966fc04a-ionic ionic@
90 error Error: EACCES, mkdir '/home/tim/.npm/cordova/5.3.3'
90 error  { [Error: EACCES, mkdir '/home/tim/.npm/cordova/5.3.3']
90 error   errno: 3,
90 error   code: 'EACCES',
90 error   path: '/home/tim/.npm/cordova/5.3.3' }
91 error Please try running this command again as root/Administrator.
92 error System Linux 3.13.0-66-generic
93 error command "/usr/bin/node" "/usr/bin/npm" "install" "-g" "cordova" "ionic"
94 error cwd /home/tim/git/doh-frontend
95 error node -v v0.10.40
96 error npm -v 1.4.28
97 error path /home/tim/.npm/cordova/5.3.3
98 error code EACCES
99 error errno 3
100 error stack Error: EACCES, mkdir '/home/tim/.npm/cordova/5.3.3'
101 verbose exit [ 3, true ]
